<?xml version="1.0" encoding="UTF-8"?>
<!-- Generated by org.testng.reporters.JUnitReportReporter -->
<testsuite skipped="0" hostname="WL302167" name="testCases.TC_001_AccountRegistration" tests="1" failures="0" timestamp="2021-03-25T21:56:57 GMT" time="3.698" errors="0">
  <testcase name="test_account_Registration" time="3.698" classname="testCases.TC_001_AccountRegistration"/>
  <system-out/>
</testsuite> <!-- testCases.TC_001_AccountRegistration -->
