<?xml version="1.0" encoding="UTF-8"?>
<!-- Generated by org.testng.reporters.JUnitReportReporter -->
<testsuite skipped="0" hostname="WL302167" name="testCases.TC_002_LoginPage" tests="1" failures="0" timestamp="2021-03-25T21:54:52 GMT" time="5.294" errors="0">
  <testcase name="test_Login" time="5.294" classname="testCases.TC_002_LoginPage"/>
  <system-out/>
</testsuite> <!-- testCases.TC_002_LoginPage -->
