<?xml version="1.0" encoding="UTF-8"?>
<!-- Generated by org.testng.reporters.JUnitReportReporter -->
<testsuite skipped="0" hostname="WL302167" name="testCases.TC_004_SearchBoxValidate" tests="1" failures="0" timestamp="2021-03-25T21:54:52 GMT" time="5.786" errors="0">
  <testcase name="testSearchBox" time="5.786" classname="testCases.TC_004_SearchBoxValidate"/>
  <system-out/>
</testsuite> <!-- testCases.TC_004_SearchBoxValidate -->
